<?xml version="1.0" encoding="UTF-8"?>
<testsuite xmlns:xsi="http://www.w3.org/2001/XMLSchema-instance" xsi:noNamespaceSchemaLocation="https://maven.apache.org/surefire/maven-surefire-plugin/xsd/surefire-test-report.xsd" version="3.0.2" name="com.rosebeauticare.rosebeauticare.RosebeauticareApplicationTests" time="5.026" tests="1" errors="0" skipped="0" failures="0">
  <properties>
[...]
</properties>
  <testcase name="contextLoads" classname="com.rosebeauticare.rosebeauticare.RosebeauticareApplicationTests" time="0.883">
    <system-out><![CDATA[23:26:59.390 [main] INFO org.springframework.test.context.support.AnnotationConfigContextLoaderUtils -- Could not detect default configuration classes for test class [com.rosebeauticare.rosebeauticare.RosebeauticareApplicationTests]: RosebeauticareApplicationTests does not declare any static, non-private, non-final, nested classes annotated with @Configuration.
23:26:59.493 [main] INFO org.springframework.boot.test.context.SpringBootTestContextBootstrapper -- Found @SpringBootConfiguration com.rosebeauticare.rosebeauticare.RosebeauticareApplication for test class com.rosebeauticare.rosebeauticare.RosebeauticareApplicationTests
23:26:59.669 [main] INFO org.springframework.boot.devtools.restart.RestartApplicationListener -- Restart disabled due to context in which it is running

  .   ____          _            __ _ _
 /\\ / ___'_ __ _ _(_)_ __  __ _ \ \ \ \
( ( )\___ | '_ | '_| | '_ \/ _` | \ \ \ \
 \\/  ___)| |_)| | | | | || (_| |  ) ) ) )
  '  |____| .__|_| |_|_| |_\__, | / / / /
 =========|_|==============|___/=/_/_/_/

 :: Spring Boot ::                (v3.4.6)

2025-06-23 23:27:00 INFO  c.r.r.RosebeauticareApplicationTests - Starting RosebeauticareApplicationTests using Java 17.0.12 with PID 20936 (started by Thila in L:\RoseBeautiCare\RoseBeautiCare-Backend\rosebeauticare)
2025-06-23 23:27:00 DEBUG c.r.r.RosebeauticareApplicationTests - Running with Spring Boot v3.4.6, Spring v6.2.7
2025-06-23 23:27:00 INFO  c.r.r.RosebeauticareApplicationTests - No active profile set, falling back to 1 default profile: "default"
2025-06-23 23:27:00 INFO  o.s.d.r.c.RepositoryConfigurationDelegate - Bootstrapping Spring Data MongoDB repositories in DEFAULT mode.
2025-06-23 23:27:00 INFO  o.s.d.r.c.RepositoryConfigurationDelegate - Finished Spring Data repository scanning in 58 ms. Found 4 MongoDB repository interfaces.
2025-06-23 23:27:01 INFO  org.mongodb.driver.client - MongoClient with metadata {"driver": {"name": "mongo-java-driver|sync|spring-boot", "version": "5.2.1"}, "os": {"type": "Windows", "name": "Windows 11", "architecture": "amd64", "version": "10.0"}, "platform": "Java/Oracle Corporation/17.0.12+8-LTS-286"} created with settings MongoClientSettings{readPreference=primary, writeConcern=WriteConcern{w=majority, wTimeout=null ms, journal=null}, retryWrites=true, retryReads=true, readConcern=ReadConcern{level=null}, credential=MongoCredential{mechanism=null, userName='rosebeauticare', source='admin', password=<hidden>, mechanismProperties=<hidden>}, transportSettings=null, commandListeners=[], codecRegistry=ProvidersCodecRegistry{codecProviders=[ValueCodecProvider{}, BsonValueCodecProvider{}, DBRefCodecProvider{}, DBObjectCodecProvider{}, DocumentCodecProvider{}, CollectionCodecProvider{}, IterableCodecProvider{}, MapCodecProvider{}, GeoJsonCodecProvider{}, GridFSFileCodecProvider{}, Jsr310CodecProvider{}, JsonObjectCodecProvider{}, BsonCodecProvider{}, EnumCodecProvider{}, com.mongodb.client.model.mql.ExpressionCodecProvider@499ee966, com.mongodb.Jep395RecordCodecProvider@76f2dad9, com.mongodb.KotlinCodecProvider@171dc7c3]}, loggerSettings=LoggerSettings{maxDocumentLength=1000}, clusterSettings={hosts=[127.0.0.1:27017], srvHost=rosebeauticare.jjndu3d.mongodb.net, srvServiceName=mongodb, mode=MULTIPLE, requiredClusterType=REPLICA_SET, requiredReplicaSetName='atlas-woiqe8-shard-0', serverSelector='null', clusterListeners='[]', serverSelectionTimeout='30000 ms', localThreshold='15 ms'}, socketSettings=SocketSettings{connectTimeoutMS=10000, readTimeoutMS=0, receiveBufferSize=0, proxySettings=ProxySettings{host=null, port=null, username=null, password=null}}, heartbeatSocketSettings=SocketSettings{connectTimeoutMS=10000, readTimeoutMS=10000, receiveBufferSize=0, proxySettings=ProxySettings{host=null, port=null, username=null, password=null}}, connectionPoolSettings=ConnectionPoolSettings{maxSize=100, minSize=0, maxWaitTimeMS=120000, maxConnectionLifeTimeMS=0, maxConnectionIdleTimeMS=0, maintenanceInitialDelayMS=0, maintenanceFrequencyMS=60000, connectionPoolListeners=[], maxConnecting=2}, serverSettings=ServerSettings{heartbeatFrequencyMS=10000, minHeartbeatFrequencyMS=500, serverMonitoringMode=AUTO, serverListeners='[]', serverMonitorListeners='[]'}, sslSettings=SslSettings{enabled=true, invalidHostNameAllowed=false, context=null}, applicationName='null', compressorList=[], uuidRepresentation=JAVA_LEGACY, serverApi=null, autoEncryptionSettings=null, dnsClient=null, inetAddressResolver=null, contextProvider=null, timeoutMS=null}
2025-06-23 23:27:01 INFO  org.mongodb.driver.cluster - Adding discovered server ac-h1gys6c-shard-00-00.jjndu3d.mongodb.net:27017 to client view of cluster
2025-06-23 23:27:01 INFO  org.mongodb.driver.cluster - Adding discovered server ac-h1gys6c-shard-00-01.jjndu3d.mongodb.net:27017 to client view of cluster
2025-06-23 23:27:01 INFO  org.mongodb.driver.cluster - Adding discovered server ac-h1gys6c-shard-00-02.jjndu3d.mongodb.net:27017 to client view of cluster
2025-06-23 23:27:02 INFO  o.s.s.c.a.a.c.InitializeUserDetailsBeanManagerConfigurer$InitializeUserDetailsManagerConfigurer - Global AuthenticationManager configured with UserDetailsService bean with name userDetailsServiceImpl
2025-06-23 23:27:02 DEBUG o.s.s.web.DefaultSecurityFilterChain - Will secure any request with filters: DisableEncodeUrlFilter, WebAsyncManagerIntegrationFilter, SecurityContextHolderFilter, HeaderWriterFilter, CorsFilter, LogoutFilter, JwtAuthenticationFilter, RequestCacheAwareFilter, SecurityContextHolderAwareRequestFilter, AnonymousAuthenticationFilter, SessionManagementFilter, ExceptionTranslationFilter, AuthorizationFilter
2025-06-23 23:27:03 INFO  org.mongodb.driver.cluster - Monitor thread successfully connected to server with description ServerDescription{address=ac-h1gys6c-shard-00-02.jjndu3d.mongodb.net:27017, type=REPLICA_SET_SECONDARY, cryptd=false, state=CONNECTED, ok=true, minWireVersion=0, maxWireVersion=25, maxDocumentSize=16777216, logicalSessionTimeoutMinutes=30, roundTripTimeNanos=322305900, minRoundTripTimeNanos=0, setName='atlas-woiqe8-shard-0', canonicalAddress=ac-h1gys6c-shard-00-02.jjndu3d.mongodb.net:27017, hosts=[ac-h1gys6c-shard-00-00.jjndu3d.mongodb.net:27017, ac-h1gys6c-shard-00-01.jjndu3d.mongodb.net:27017, ac-h1gys6c-shard-00-02.jjndu3d.mongodb.net:27017], passives=[], arbiters=[], primary='ac-h1gys6c-shard-00-01.jjndu3d.mongodb.net:27017', tagSet=TagSet{[Tag{name='availabilityZone', value='aps1-az2'}, Tag{name='diskState', value='READY'}, Tag{name='nodeType', value='ELECTABLE'}, Tag{name='provider', value='AWS'}, Tag{name='region', value='AP_SOUTH_1'}, Tag{name='workloadType', value='OPERATIONAL'}]}, electionId=null, setVersion=22, topologyVersion=TopologyVersion{processId=68528897bc07630d0d9fdd68, counter=5}, lastWriteDate=Mon Jun 23 23:27:03 IST 2025, lastUpdateTimeNanos=43050908737500}
2025-06-23 23:27:03 INFO  org.mongodb.driver.cluster - Monitor thread successfully connected to server with description ServerDescription{address=ac-h1gys6c-shard-00-00.jjndu3d.mongodb.net:27017, type=REPLICA_SET_SECONDARY, cryptd=false, state=CONNECTED, ok=true, minWireVersion=0, maxWireVersion=25, maxDocumentSize=16777216, logicalSessionTimeoutMinutes=30, roundTripTimeNanos=287384000, minRoundTripTimeNanos=0, setName='atlas-woiqe8-shard-0', canonicalAddress=ac-h1gys6c-shard-00-00.jjndu3d.mongodb.net:27017, hosts=[ac-h1gys6c-shard-00-00.jjndu3d.mongodb.net:27017, ac-h1gys6c-shard-00-01.jjndu3d.mongodb.net:27017, ac-h1gys6c-shard-00-02.jjndu3d.mongodb.net:27017], passives=[], arbiters=[], primary='ac-h1gys6c-shard-00-01.jjndu3d.mongodb.net:27017', tagSet=TagSet{[Tag{name='availabilityZone', value='aps1-az1'}, Tag{name='diskState', value='READY'}, Tag{name='nodeType', value='ELECTABLE'}, Tag{name='provider', value='AWS'}, Tag{name='region', value='AP_SOUTH_1'}, Tag{name='workloadType', value='OPERATIONAL'}]}, electionId=null, setVersion=22, topologyVersion=TopologyVersion{processId=6852872ffcc3c8a53b3dc2bc, counter=5}, lastWriteDate=Mon Jun 23 23:27:03 IST 2025, lastUpdateTimeNanos=43050908659300}
2025-06-23 23:27:03 INFO  org.mongodb.driver.cluster - Monitor thread successfully connected to server with description ServerDescription{address=ac-h1gys6c-shard-00-01.jjndu3d.mongodb.net:27017, type=REPLICA_SET_PRIMARY, cryptd=false, state=CONNECTED, ok=true, minWireVersion=0, maxWireVersion=25, maxDocumentSize=16777216, logicalSessionTimeoutMinutes=30, roundTripTimeNanos=381745400, minRoundTripTimeNanos=0, setName='atlas-woiqe8-shard-0', canonicalAddress=ac-h1gys6c-shard-00-01.jjndu3d.mongodb.net:27017, hosts=[ac-h1gys6c-shard-00-00.jjndu3d.mongodb.net:27017, ac-h1gys6c-shard-00-01.jjndu3d.mongodb.net:27017, ac-h1gys6c-shard-00-02.jjndu3d.mongodb.net:27017], passives=[], arbiters=[], primary='ac-h1gys6c-shard-00-01.jjndu3d.mongodb.net:27017', tagSet=TagSet{[Tag{name='availabilityZone', value='aps1-az3'}, Tag{name='diskState', value='READY'}, Tag{name='nodeType', value='ELECTABLE'}, Tag{name='provider', value='AWS'}, Tag{name='region', value='AP_SOUTH_1'}, Tag{name='workloadType', value='OPERATIONAL'}]}, electionId=7fffffff0000000000000035, setVersion=22, topologyVersion=TopologyVersion{processId=6852862286fc46b13122995e, counter=9}, lastWriteDate=Mon Jun 23 23:27:03 IST 2025, lastUpdateTimeNanos=43050908613600}
2025-06-23 23:27:03 INFO  org.mongodb.driver.cluster - Discovered replica set primary ac-h1gys6c-shard-00-01.jjndu3d.mongodb.net:27017 with max election id 7fffffff0000000000000035 and max set version 22
2025-06-23 23:27:03 INFO  o.s.v.b.OptionalValidatorFactoryBean - Failed to set up a Bean Validation provider: jakarta.validation.NoProviderFoundException: Unable to create a Configuration, because no Jakarta Bean Validation provider could be found. Add a provider like Hibernate Validator (RI) to your classpath.
2025-06-23 23:27:03 INFO  c.r.r.RosebeauticareApplicationTests - Started RosebeauticareApplicationTests in 3.71 seconds (process running for 4.588)
]]></system-out>
  </testcase>
</testsuite>